Running  on python version
3.5.6 |Anaconda, Inc.| (default, Aug 26 2018, 21:41:56) 
[GCC 7.3.0]
-------------------------------
Building Mesh
-------------------------------
Saving ray-launcher parameters
Number of requested rays  242
Number of reflections  7
Mesh spacing  0.02
Origin of raytracer  [0.45  0.417 0.1  ]
------------------------------------------------
Geometrical parameters saved
------------------------------------------------
-------------------------------
Mesh built
-------------------------------
Starting the ray bouncing and information storage
-------------------------------
-------------------------------
Ray-launching complete
Time taken 381.9627022743225
-------------------------------
Saving the physical parameters for obstacles and antenna
Permittivity of free space  1.2566370614359172e-05
Permeability of free space  8.854187817620391e-13
Characteristic Impedence  3767.3031346177063
Speed of light  299792458.0
Number of obstacles 24
Relative Impedance of the obstacles  [[0.886+0.006j 0.886+0.006j 0.886+0.006j 0.886+0.006j 0.886+0.006j
  0.886+0.006j 0.886+0.006j 0.886+0.006j 0.886+0.006j 0.886+0.006j
  0.886+0.006j 0.886+0.006j 0.886+0.006j 0.886+0.006j 0.886+0.006j
  0.886+0.006j 0.886+0.006j 0.886+0.006j 0.886+0.006j 0.886+0.006j
  0.886+0.006j 0.886+0.006j 0.886+0.006j 0.886+0.006j]]
Refractive index of the obstacles  [[3.387+0.006j 3.387+0.006j 3.387+0.006j 3.387+0.006j 3.387+0.006j
  3.387+0.006j 3.387+0.006j 3.387+0.006j 3.387+0.006j 3.387+0.006j
  3.387+0.006j 3.387+0.006j 3.387+0.006j 3.387+0.006j 3.387+0.006j
  3.387+0.006j 3.387+0.006j 3.387+0.006j 3.387+0.006j 3.387+0.006j
  3.387+0.006j 3.387+0.006j 3.387+0.006j 3.387+0.006j]]
------------------------------------------------
Material parameters saved
------------------------------------------------
----------------------------------------------------------
Start computing the power from the Mesh
----------------------------------------------------------
----------------------------------------------------------
Retrieving the angles of reflection
----------------------------------------------------------
Getting nonzero indices
Make DS for angles
time finding angles 51.99808144569397
Initialising cthi, ctht, SIN
New function finished 9.446591138839722
----------------------------------------------------------
----------------------------------------------------------
Multiplying by the impedances
----------------------------------------------------------
----------------------------------------------------------
Multiplication done time taken  77.70117974281311
----------------------------------------------------------
----------------------------------------------------------
Computing the reflection coefficients.
----------------------------------------------------------
----------------------------------------------------------
Reflection coefficients found, time taken  168.61257553100586
----------------------------------------------------------
----------------------------------------------------------
Total time to compute reflection coefficients from Mesh  363.91275548934937
----------------------------------------------------------
----------------------------------------------------------
Multiplying reflection coefficients 
----------------------------------------------------------
----------------------------------------------------------
Reflection coefficients multiplied, time taken  84.89511466026306
----------------------------------------------------------
-------------------------------
Time to complete program
1188.8727540969849
-------------------------------
