Will run python3 RayTracerMainProgram.py for one job
Starting job...
Running  on python version
3.6.10 |Anaconda, Inc.| (default, May  8 2020, 02:54:21) 
[GCC 7.3.0]
Single ray time 0.22547626495361328
Single ray time 0.2194831371307373
Single ray time 0.1555008888244629
Single ray time 0.22641229629516602
Single ray time 0.2246079444885254
average time 0.210296106338501

########################################################################
----------------------! Balena Job Details !----------------------------

JobID          : 3995888
No. of nodes   : 1
No. of CPUs    : 16
Timelimit      : 03:00:00
Elapsed time   : 00:00:02
Nodelist       : node-sw-079

########################################################################


########################################################################
----------------------! Balena Job Details !----------------------------

JobID          : 3992610
No. of nodes   : 1
No. of CPUs    : 16
Timelimit      : 03:00:00
Elapsed time   : 03:00:22
Nodelist       : node-sw-144

########################################################################


########################################################################
----------------------! Balena Job Details !----------------------------

JobID          : 3995727
No. of nodes   : 1
No. of CPUs    : 16
Timelimit      : 03:00:00
Elapsed time   : 03:00:24
Nodelist       : node-sw-011

########################################################################


########################################################################
----------------------! Balena Job Details !----------------------------

JobID          : 3995847
No. of nodes   : 1
No. of CPUs    : 16
Timelimit      : 03:00:00
Elapsed time   : 03:00:04
Nodelist       : node-sw-073

########################################################################

