[2020-10-10 14:36:00 RayTracerMainProgram.py:720 -             <module>() ] 3.7.7 (default, Mar 26 2020, 15:48:22) 
[GCC 7.3.0]
[2020-10-10 14:36:26 Rays.py:279 -         reflect_calc() ] Collision point[nan nan nan]
[2020-10-10 14:36:26 Rays.py:280 -         reflect_calc() ] No reflection found for ray[[0.5 0.5 0.5 0. ]
 [0.5 0.5 1.  7. ]
 [0.  0.  0.  0. ]]
[2020-10-10 14:37:02 Rays.py:279 -         reflect_calc() ] Collision point[nan nan nan]
[2020-10-10 14:37:02 Rays.py:280 -         reflect_calc() ] No reflection found for ray[[0.5  0.5  0.5  0.  ]
 [1.   0.5  0.92 9.  ]
 [1.   0.5  1.   7.  ]
 [0.   0.   0.   0.  ]]
[2020-10-10 14:39:38 Rays.py:279 -         reflect_calc() ] Collision point[nan nan nan]
[2020-10-10 14:39:38 Rays.py:280 -         reflect_calc() ] No reflection found for ray[[0.5  0.5  0.5  0.  ]
 [0.   0.5  0.92 4.  ]
 [0.   0.5  1.   8.  ]
 [0.   0.   0.   0.  ]]
[2020-10-10 14:41:42 Rays.py:279 -         reflect_calc() ] Collision point[nan nan nan]
[2020-10-10 14:41:42 Rays.py:280 -         reflect_calc() ] No reflection found for ray[[ 0.5  0.5  0.5  0. ]
 [ 1.   0.5  0.5 10. ]
 [ 0.   0.   0.   0. ]]
