
real	4m20.968s
user	4m17.760s
sys	0m0.354s

real	4m20.746s
user	4m18.103s
sys	0m0.313s

real	4m20.142s
user	4m17.987s
sys	0m0.297s
Traceback (most recent call last):
  File "RayTracerMainProgram.py", line 1373, in <module>
    main(sys.argv)
  File "RayTracerMainProgram.py", line 1320, in main
    Grid,G_z,timep=power_grid(Sheetname,Room,Mesh1,repeat,plottype,Roomnum,job)  # Use the ray information to compute the power
  File "RayTracerMainProgram.py", line 744, in power_grid
    os.rename(r''+rfilename,r''+meshfolder+'/'+boxstr+rstr+'%02dx%02dy%02dz_tx%03d.npz'%(x,y,z,job))
FileNotFoundError: [Errno 2] No such file or directory: './Mesh/sixNoBox/Nra022Refs006Ns5/rad22Refs6Ns500x00y00z.npz' -> './Mesh/sixNoBox/Nra022Refs006Ns5/NoBoxrad22Refs6Ns500x00y00z_tx078.npz'

real	4m18.827s
user	4m17.366s
sys	0m0.298s

real	4m17.780s
user	4m15.863s
sys	0m0.336s
Traceback (most recent call last):
  File "RayTracerMainProgram.py", line 1373, in <module>
    main(sys.argv)
  File "RayTracerMainProgram.py", line 1320, in main
    Grid,G_z,timep=power_grid(Sheetname,Room,Mesh1,repeat,plottype,Roomnum,job)  # Use the ray information to compute the power
  File "RayTracerMainProgram.py", line 745, in power_grid
    os.rename(r''+angfilename,r''+meshfolder+'/'+boxstr+angstr+'%02dx%02dy%02dz_tx%03d.npz'%(x,y,z,job))
FileNotFoundError: [Errno 2] No such file or directory: './Mesh/sixNoBox/Nra022Refs006Ns5/ang022Refs006Ns500x00y00z.npz' -> './Mesh/sixNoBox/Nra022Refs006Ns5/NoBoxang022Refs006Ns500x00y00z_tx080.npz'

real	4m23.663s
user	4m21.500s
sys	0m0.271s
Traceback (most recent call last):
  File "RayTracerMainProgram.py", line 1373, in <module>
    main(sys.argv)
  File "RayTracerMainProgram.py", line 1320, in main
    Grid,G_z,timep=power_grid(Sheetname,Room,Mesh1,repeat,plottype,Roomnum,job)  # Use the ray information to compute the power
  File "RayTracerMainProgram.py", line 745, in power_grid
    os.rename(r''+angfilename,r''+meshfolder+'/'+boxstr+angstr+'%02dx%02dy%02dz_tx%03d.npz'%(x,y,z,job))
FileNotFoundError: [Errno 2] No such file or directory: './Mesh/sixNoBox/Nra022Refs006Ns5/ang022Refs006Ns500x00y00z.npz' -> './Mesh/sixNoBox/Nra022Refs006Ns5/NoBoxang022Refs006Ns500x00y00z_tx081.npz'

real	4m12.035s
user	4m10.028s
sys	0m0.308s
Traceback (most recent call last):
  File "RayTracerMainProgram.py", line 1373, in <module>
    main(sys.argv)
  File "RayTracerMainProgram.py", line 1320, in main
    Grid,G_z,timep=power_grid(Sheetname,Room,Mesh1,repeat,plottype,Roomnum,job)  # Use the ray information to compute the power
  File "RayTracerMainProgram.py", line 745, in power_grid
    os.rename(r''+angfilename,r''+meshfolder+'/'+boxstr+angstr+'%02dx%02dy%02dz_tx%03d.npz'%(x,y,z,job))
FileNotFoundError: [Errno 2] No such file or directory: './Mesh/sixNoBox/Nra022Refs006Ns5/ang022Refs006Ns500x00y00z.npz' -> './Mesh/sixNoBox/Nra022Refs006Ns5/NoBoxang022Refs006Ns500x00y00z_tx082.npz'

real	4m18.821s
user	4m16.752s
sys	0m0.289s
Traceback (most recent call last):
  File "RayTracerMainProgram.py", line 1373, in <module>
    main(sys.argv)
  File "RayTracerMainProgram.py", line 1320, in main
    Grid,G_z,timep=power_grid(Sheetname,Room,Mesh1,repeat,plottype,Roomnum,job)  # Use the ray information to compute the power
  File "RayTracerMainProgram.py", line 745, in power_grid
    os.rename(r''+angfilename,r''+meshfolder+'/'+boxstr+angstr+'%02dx%02dy%02dz_tx%03d.npz'%(x,y,z,job))
FileNotFoundError: [Errno 2] No such file or directory: './Mesh/sixNoBox/Nra022Refs006Ns5/ang022Refs006Ns500x00y00z.npz' -> './Mesh/sixNoBox/Nra022Refs006Ns5/NoBoxang022Refs006Ns500x00y00z_tx083.npz'

real	4m18.927s
user	4m16.702s
sys	0m0.316s
Traceback (most recent call last):
  File "RayTracerMainProgram.py", line 1373, in <module>
    main(sys.argv)
  File "RayTracerMainProgram.py", line 1320, in main
    Grid,G_z,timep=power_grid(Sheetname,Room,Mesh1,repeat,plottype,Roomnum,job)  # Use the ray information to compute the power
  File "RayTracerMainProgram.py", line 745, in power_grid
    os.rename(r''+angfilename,r''+meshfolder+'/'+boxstr+angstr+'%02dx%02dy%02dz_tx%03d.npz'%(x,y,z,job))
FileNotFoundError: [Errno 2] No such file or directory: './Mesh/sixNoBox/Nra022Refs006Ns5/ang022Refs006Ns500x00y00z.npz' -> './Mesh/sixNoBox/Nra022Refs006Ns5/NoBoxang022Refs006Ns500x00y00z_tx084.npz'

real	4m22.363s
user	4m20.359s
sys	0m0.264s
Traceback (most recent call last):
  File "RayTracerMainProgram.py", line 1373, in <module>
    main(sys.argv)
  File "RayTracerMainProgram.py", line 1320, in main
    Grid,G_z,timep=power_grid(Sheetname,Room,Mesh1,repeat,plottype,Roomnum,job)  # Use the ray information to compute the power
  File "RayTracerMainProgram.py", line 745, in power_grid
    os.rename(r''+angfilename,r''+meshfolder+'/'+boxstr+angstr+'%02dx%02dy%02dz_tx%03d.npz'%(x,y,z,job))
FileNotFoundError: [Errno 2] No such file or directory: './Mesh/sixNoBox/Nra022Refs006Ns5/ang022Refs006Ns500x00y00z.npz' -> './Mesh/sixNoBox/Nra022Refs006Ns5/NoBoxang022Refs006Ns500x00y00z_tx085.npz'

real	4m20.664s
user	4m18.892s
sys	0m0.303s
Traceback (most recent call last):
  File "RayTracerMainProgram.py", line 1373, in <module>
    main(sys.argv)
  File "RayTracerMainProgram.py", line 1320, in main
    Grid,G_z,timep=power_grid(Sheetname,Room,Mesh1,repeat,plottype,Roomnum,job)  # Use the ray information to compute the power
  File "RayTracerMainProgram.py", line 745, in power_grid
    os.rename(r''+angfilename,r''+meshfolder+'/'+boxstr+angstr+'%02dx%02dy%02dz_tx%03d.npz'%(x,y,z,job))
FileNotFoundError: [Errno 2] No such file or directory: './Mesh/sixNoBox/Nra022Refs006Ns5/ang022Refs006Ns500x00y00z.npz' -> './Mesh/sixNoBox/Nra022Refs006Ns5/NoBoxang022Refs006Ns500x00y00z_tx086.npz'

real	4m20.695s
user	4m18.763s
sys	0m0.273s
Traceback (most recent call last):
  File "RayTracerMainProgram.py", line 1373, in <module>
    main(sys.argv)
  File "RayTracerMainProgram.py", line 1320, in main
    Grid,G_z,timep=power_grid(Sheetname,Room,Mesh1,repeat,plottype,Roomnum,job)  # Use the ray information to compute the power
  File "RayTracerMainProgram.py", line 745, in power_grid
    os.rename(r''+angfilename,r''+meshfolder+'/'+boxstr+angstr+'%02dx%02dy%02dz_tx%03d.npz'%(x,y,z,job))
FileNotFoundError: [Errno 2] No such file or directory: './Mesh/sixNoBox/Nra022Refs006Ns5/ang022Refs006Ns500x00y00z.npz' -> './Mesh/sixNoBox/Nra022Refs006Ns5/NoBoxang022Refs006Ns500x00y00z_tx087.npz'

real	4m6.946s
user	4m4.861s
sys	0m0.260s
Traceback (most recent call last):
  File "RayTracerMainProgram.py", line 1373, in <module>
    main(sys.argv)
  File "RayTracerMainProgram.py", line 1320, in main
    Grid,G_z,timep=power_grid(Sheetname,Room,Mesh1,repeat,plottype,Roomnum,job)  # Use the ray information to compute the power
  File "RayTracerMainProgram.py", line 745, in power_grid
    os.rename(r''+angfilename,r''+meshfolder+'/'+boxstr+angstr+'%02dx%02dy%02dz_tx%03d.npz'%(x,y,z,job))
FileNotFoundError: [Errno 2] No such file or directory: './Mesh/sixNoBox/Nra022Refs006Ns5/ang022Refs006Ns500x00y00z.npz' -> './Mesh/sixNoBox/Nra022Refs006Ns5/NoBoxang022Refs006Ns500x00y00z_tx088.npz'

real	4m19.750s
user	4m17.655s
sys	0m0.248s
Traceback (most recent call last):
  File "RayTracerMainProgram.py", line 1373, in <module>
    main(sys.argv)
  File "RayTracerMainProgram.py", line 1320, in main
    Grid,G_z,timep=power_grid(Sheetname,Room,Mesh1,repeat,plottype,Roomnum,job)  # Use the ray information to compute the power
  File "RayTracerMainProgram.py", line 745, in power_grid
    os.rename(r''+angfilename,r''+meshfolder+'/'+boxstr+angstr+'%02dx%02dy%02dz_tx%03d.npz'%(x,y,z,job))
FileNotFoundError: [Errno 2] No such file or directory: './Mesh/sixNoBox/Nra022Refs006Ns5/ang022Refs006Ns500x00y00z.npz' -> './Mesh/sixNoBox/Nra022Refs006Ns5/NoBoxang022Refs006Ns500x00y00z_tx089.npz'

real	4m22.460s
user	4m20.696s
sys	0m0.320s
Traceback (most recent call last):
  File "RayTracerMainProgram.py", line 1373, in <module>
    main(sys.argv)
  File "RayTracerMainProgram.py", line 1320, in main
    Grid,G_z,timep=power_grid(Sheetname,Room,Mesh1,repeat,plottype,Roomnum,job)  # Use the ray information to compute the power
  File "RayTracerMainProgram.py", line 745, in power_grid
    os.rename(r''+angfilename,r''+meshfolder+'/'+boxstr+angstr+'%02dx%02dy%02dz_tx%03d.npz'%(x,y,z,job))
FileNotFoundError: [Errno 2] No such file or directory: './Mesh/sixNoBox/Nra022Refs006Ns5/ang022Refs006Ns500x00y00z.npz' -> './Mesh/sixNoBox/Nra022Refs006Ns5/NoBoxang022Refs006Ns500x00y00z_tx090.npz'

real	4m22.403s
user	4m20.278s
sys	0m0.262s
Traceback (most recent call last):
  File "RayTracerMainProgram.py", line 1373, in <module>
    main(sys.argv)
  File "RayTracerMainProgram.py", line 1320, in main
    Grid,G_z,timep=power_grid(Sheetname,Room,Mesh1,repeat,plottype,Roomnum,job)  # Use the ray information to compute the power
  File "RayTracerMainProgram.py", line 745, in power_grid
    os.rename(r''+angfilename,r''+meshfolder+'/'+boxstr+angstr+'%02dx%02dy%02dz_tx%03d.npz'%(x,y,z,job))
FileNotFoundError: [Errno 2] No such file or directory: './Mesh/sixNoBox/Nra022Refs006Ns5/ang022Refs006Ns500x00y00z.npz' -> './Mesh/sixNoBox/Nra022Refs006Ns5/NoBoxang022Refs006Ns500x00y00z_tx091.npz'

real	4m6.605s
user	4m4.420s
sys	0m0.273s
Traceback (most recent call last):
  File "RayTracerMainProgram.py", line 1373, in <module>
    main(sys.argv)
  File "RayTracerMainProgram.py", line 1320, in main
    Grid,G_z,timep=power_grid(Sheetname,Room,Mesh1,repeat,plottype,Roomnum,job)  # Use the ray information to compute the power
  File "RayTracerMainProgram.py", line 745, in power_grid
    os.rename(r''+angfilename,r''+meshfolder+'/'+boxstr+angstr+'%02dx%02dy%02dz_tx%03d.npz'%(x,y,z,job))
FileNotFoundError: [Errno 2] No such file or directory: './Mesh/sixNoBox/Nra022Refs006Ns5/ang022Refs006Ns500x00y00z.npz' -> './Mesh/sixNoBox/Nra022Refs006Ns5/NoBoxang022Refs006Ns500x00y00z_tx092.npz'

real	4m20.172s
user	4m18.135s
sys	0m0.426s
Traceback (most recent call last):
  File "RayTracerMainProgram.py", line 1373, in <module>
    main(sys.argv)
  File "RayTracerMainProgram.py", line 1320, in main
    Grid,G_z,timep=power_grid(Sheetname,Room,Mesh1,repeat,plottype,Roomnum,job)  # Use the ray information to compute the power
  File "RayTracerMainProgram.py", line 744, in power_grid
    os.rename(r''+rfilename,r''+meshfolder+'/'+boxstr+rstr+'%02dx%02dy%02dz_tx%03d.npz'%(x,y,z,job))
FileNotFoundError: [Errno 2] No such file or directory: './Mesh/sixNoBox/Nra022Refs006Ns5/rad22Refs6Ns500x00y00z.npz' -> './Mesh/sixNoBox/Nra022Refs006Ns5/NoBoxrad22Refs6Ns500x00y00z_tx093.npz'

real	4m6.064s
user	4m4.193s
sys	0m0.332s
Traceback (most recent call last):
  File "RayTracerMainProgram.py", line 1373, in <module>
    main(sys.argv)
  File "RayTracerMainProgram.py", line 1320, in main
    Grid,G_z,timep=power_grid(Sheetname,Room,Mesh1,repeat,plottype,Roomnum,job)  # Use the ray information to compute the power
  File "RayTracerMainProgram.py", line 744, in power_grid
    os.rename(r''+rfilename,r''+meshfolder+'/'+boxstr+rstr+'%02dx%02dy%02dz_tx%03d.npz'%(x,y,z,job))
FileNotFoundError: [Errno 2] No such file or directory: './Mesh/sixNoBox/Nra022Refs006Ns5/rad22Refs6Ns500x00y00z.npz' -> './Mesh/sixNoBox/Nra022Refs006Ns5/NoBoxrad22Refs6Ns500x00y00z_tx094.npz'

real	4m21.966s
user	4m20.595s
sys	0m0.263s

real	4m5.963s
user	4m4.142s
sys	0m0.301s

real	4m18.541s
user	4m16.819s
sys	0m0.258s
Traceback (most recent call last):
  File "RayTracerMainProgram.py", line 1373, in <module>
    main(sys.argv)
  File "RayTracerMainProgram.py", line 1320, in main
    Grid,G_z,timep=power_grid(Sheetname,Room,Mesh1,repeat,plottype,Roomnum,job)  # Use the ray information to compute the power
  File "RayTracerMainProgram.py", line 744, in power_grid
    os.rename(r''+rfilename,r''+meshfolder+'/'+boxstr+rstr+'%02dx%02dy%02dz_tx%03d.npz'%(x,y,z,job))
FileNotFoundError: [Errno 2] No such file or directory: './Mesh/sixNoBox/Nra022Refs006Ns5/rad22Refs6Ns500x00y00z.npz' -> './Mesh/sixNoBox/Nra022Refs006Ns5/NoBoxrad22Refs6Ns500x00y00z_tx097.npz'

real	4m19.419s
user	4m17.191s
sys	0m0.258s
Traceback (most recent call last):
  File "RayTracerMainProgram.py", line 1373, in <module>
    main(sys.argv)
  File "RayTracerMainProgram.py", line 1320, in main
    Grid,G_z,timep=power_grid(Sheetname,Room,Mesh1,repeat,plottype,Roomnum,job)  # Use the ray information to compute the power
  File "RayTracerMainProgram.py", line 744, in power_grid
    os.rename(r''+rfilename,r''+meshfolder+'/'+boxstr+rstr+'%02dx%02dy%02dz_tx%03d.npz'%(x,y,z,job))
FileNotFoundError: [Errno 2] No such file or directory: './Mesh/sixNoBox/Nra022Refs006Ns5/rad22Refs6Ns500x00y00z.npz' -> './Mesh/sixNoBox/Nra022Refs006Ns5/NoBoxrad22Refs6Ns500x00y00z_tx098.npz'

real	4m19.076s
user	4m16.727s
sys	0m0.325s

real	0m1.970s
user	0m1.263s
sys	0m0.144s

real	0m1.866s
user	0m1.265s
sys	0m0.122s

real	0m1.737s
user	0m1.258s
sys	0m0.125s

real	0m1.685s
user	0m1.245s
sys	0m0.136s

real	0m1.803s
user	0m1.267s
sys	0m0.115s

real	0m1.694s
user	0m1.259s
sys	0m0.123s

real	0m1.756s
user	0m1.245s
sys	0m0.140s

real	0m1.751s
user	0m1.254s
sys	0m0.130s

real	0m1.711s
user	0m1.257s
sys	0m0.129s

real	0m1.875s
user	0m1.267s
sys	0m0.123s

real	0m1.943s
user	0m1.264s
sys	0m0.124s

real	0m1.763s
user	0m1.255s
sys	0m0.123s
Traceback (most recent call last):
  File "RayTracerMainProgram.py", line 1373, in <module>
    main(sys.argv)
  File "RayTracerMainProgram.py", line 1318, in main
    Mesh1,timemesh,Room=MeshProgram(Sheetname,Roomnum,repeat,plottype,job) # Shoot the rays and store the information
  File "RayTracerMainProgram.py", line 273, in MeshProgram
    Nsur       =np.load('Parameters/Nsur%d.npy'%index)
  File "/home/m/hw454/.conda/envs/py3/lib/python3.6/site-packages/numpy/lib/npyio.py", line 444, in load
    raise ValueError("Cannot load file containing pickled data "
ValueError: Cannot load file containing pickled data when allow_pickle=False

real	0m1.085s
user	0m0.781s
sys	0m0.096s

real	0m1.699s
user	0m1.256s
sys	0m0.120s

real	0m2.001s
user	0m1.273s
sys	0m0.119s

real	0m1.813s
user	0m1.258s
sys	0m0.125s

real	0m1.736s
user	0m1.275s
sys	0m0.112s

real	0m1.871s
user	0m1.250s
sys	0m0.134s

real	0m1.770s
user	0m1.260s
sys	0m0.123s

real	0m1.708s
user	0m1.250s
sys	0m0.123s

real	0m1.972s
user	0m1.265s
sys	0m0.120s

real	0m1.726s
user	0m1.252s
sys	0m0.128s

real	0m1.709s
user	0m1.271s
sys	0m0.110s

real	0m1.690s
user	0m1.244s
sys	0m0.136s

real	0m1.699s
user	0m1.249s
sys	0m0.129s

real	0m1.655s
user	0m1.256s
sys	0m0.121s
