Running  on python version
3.6.10 |Anaconda, Inc.| (default, May  8 2020, 02:54:21) 
[GCC 7.3.0]
InputSheet.xlsx
Number of rays  [22] Number of reflections  2 Mesh spacing  0.2
Angle spacing  [0.698]
job=0
Running  on python version
3.6.10 |Anaconda, Inc.| (default, May  8 2020, 02:54:21) 
[GCC 7.3.0]
Number of obstacles 24
This is not a valid transmitter location
---------------------------------
Starting the power calculation
job=1
Running  on python version
3.6.10 |Anaconda, Inc.| (default, May  8 2020, 02:54:21) 
[GCC 7.3.0]
Number of obstacles 24
This is not a valid transmitter location
---------------------------------
Starting the power calculation
job=2
Running  on python version
3.6.10 |Anaconda, Inc.| (default, May  8 2020, 02:54:21) 
[GCC 7.3.0]
Number of obstacles 24
-------------------------------
Starting the ray bouncing and information storage
-------------------------------
Tx [0.1 0.5 0.1]
-------------------------------
Ray-launching complete
Time taken 286.09119844436646
-------------------------------
---------------------------------
Starting the power calculation
-------------------------------
Job number 2
Power from DSM complete
Time taken [0.538]
-------------------------------
-------------------------------
Job number 2
Quality from DSM complete [-0.504]
Time taken [0.013]
-------------------------------
-------------------------------
Time to complete program
[[[  1.    286.091   0.538   0.538 286.629 286.629   0.      0.   ]]]
-------------------------------
-------------------------------
-------------------------------
job=3
Running  on python version
3.6.10 |Anaconda, Inc.| (default, May  8 2020, 02:54:21) 
[GCC 7.3.0]
Number of obstacles 24
-------------------------------
Starting the ray bouncing and information storage
-------------------------------
Tx [0.1 0.7 0.1]
-------------------------------
Ray-launching complete
Time taken 300.80381965637207
-------------------------------
---------------------------------
Starting the power calculation
-------------------------------
Job number 3
Power from DSM complete
Time taken [0.367]
-------------------------------
-------------------------------
Job number 3
Quality from DSM complete [-0.656]
Time taken [0.013]
-------------------------------
-------------------------------
Time to complete program
[[[  1.    300.804   0.367   0.367 301.171 301.171   0.      0.   ]]]
-------------------------------
-------------------------------
-------------------------------
job=4
Running  on python version
3.6.10 |Anaconda, Inc.| (default, May  8 2020, 02:54:21) 
[GCC 7.3.0]
Number of obstacles 24
-------------------------------
Starting the ray bouncing and information storage
-------------------------------
Tx [0.1 0.9 0.1]
-------------------------------
Ray-launching complete
Time taken 291.84037709236145
-------------------------------
---------------------------------
Starting the power calculation
-------------------------------
Job number 4
Power from DSM complete
Time taken [0.359]
-------------------------------
-------------------------------
Job number 4
Quality from DSM complete [-2.084]
Time taken [0.008]
-------------------------------
-------------------------------
Time to complete program
[[[  1.    291.84    0.359   0.359 292.199 292.199   0.      0.   ]]]
-------------------------------
-------------------------------
-------------------------------
job=5
Running  on python version
3.6.10 |Anaconda, Inc.| (default, May  8 2020, 02:54:21) 
[GCC 7.3.0]
Number of obstacles 24
-------------------------------
Starting the ray bouncing and information storage
-------------------------------
Tx [0.1 1.1 0.1]
-------------------------------
Ray-launching complete
Time taken 303.37017154693604
-------------------------------
---------------------------------
Starting the power calculation
-------------------------------
Job number 5
Power from DSM complete
Time taken [0.404]
-------------------------------
-------------------------------
Job number 5
Quality from DSM complete [-3.006]
Time taken [0.023]
-------------------------------
-------------------------------
Time to complete program
[[[  1.    303.37    0.404   0.404 303.774 303.774   0.      0.   ]]]
-------------------------------
-------------------------------
-------------------------------
job=6
Running  on python version
3.6.10 |Anaconda, Inc.| (default, May  8 2020, 02:54:21) 
[GCC 7.3.0]
Number of obstacles 24
-------------------------------
Starting the ray bouncing and information storage
-------------------------------
Tx [0.1 1.3 0.1]
-------------------------------
Ray-launching complete
Time taken 311.0681085586548
-------------------------------
---------------------------------
Starting the power calculation
-------------------------------
Job number 6
Power from DSM complete
Time taken [0.288]
-------------------------------
-------------------------------
Job number 6
Quality from DSM complete [-0.799]
Time taken [0.003]
-------------------------------
-------------------------------
Time to complete program
[[[1.000e+00 3.111e+02 2.882e-01 2.882e-01 3.114e+02 3.114e+02 0.000e+00
   0.000e+00]]]
-------------------------------
-------------------------------
-------------------------------
job=7
Running  on python version
3.6.10 |Anaconda, Inc.| (default, May  8 2020, 02:54:21) 
[GCC 7.3.0]
Number of obstacles 24
-------------------------------
Starting the ray bouncing and information storage
-------------------------------
Tx [0.1 1.5 0.1]
-------------------------------
Ray-launching complete
Time taken 319.9330036640167
-------------------------------
---------------------------------
Starting the power calculation
-------------------------------
Job number 7
Power from DSM complete
Time taken [0.606]
-------------------------------
-------------------------------
Job number 7
Quality from DSM complete [-3.914]
Time taken [0.042]
-------------------------------
-------------------------------
Time to complete program
[[[  1.    319.933   0.606   0.606 320.539 320.539   0.      0.   ]]]
-------------------------------
-------------------------------
-------------------------------
job=8
Running  on python version
3.6.10 |Anaconda, Inc.| (default, May  8 2020, 02:54:21) 
[GCC 7.3.0]
Number of obstacles 24
-------------------------------
Starting the ray bouncing and information storage
-------------------------------
Tx [0.1 1.7 0.1]
-------------------------------
Ray-launching complete
Time taken 324.7421190738678
-------------------------------
---------------------------------
Starting the power calculation
-------------------------------
Job number 8
Power from DSM complete
Time taken [0.42]
-------------------------------
-------------------------------
Job number 8
Quality from DSM complete [-2.461]
Time taken [0.009]
-------------------------------
-------------------------------
Time to complete program
[[[  1.    324.742   0.42    0.42  325.162 325.162   0.      0.   ]]]
-------------------------------
-------------------------------
-------------------------------
job=9
Running  on python version
3.6.10 |Anaconda, Inc.| (default, May  8 2020, 02:54:21) 
[GCC 7.3.0]
Number of obstacles 24
-------------------------------
Starting the ray bouncing and information storage
-------------------------------
Tx [0.1 1.9 0.1]
-------------------------------
Ray-launching complete
Time taken 335.35695147514343
-------------------------------
---------------------------------
Starting the power calculation
-------------------------------
Job number 9
Power from DSM complete
Time taken [0.693]
-------------------------------
-------------------------------
Job number 9
Quality from DSM complete [-2.936]
Time taken [0.004]
-------------------------------
-------------------------------
Time to complete program
[[[  1.    335.357   0.693   0.693 336.05  336.05    0.      0.   ]]]
-------------------------------
-------------------------------
-------------------------------
job=10
Running  on python version
3.6.10 |Anaconda, Inc.| (default, May  8 2020, 02:54:21) 
[GCC 7.3.0]
Number of obstacles 24
This is not a valid transmitter location
---------------------------------
Starting the power calculation
job=11
Running  on python version
3.6.10 |Anaconda, Inc.| (default, May  8 2020, 02:54:21) 
[GCC 7.3.0]
Number of obstacles 24
This is not a valid transmitter location
---------------------------------
Starting the power calculation
job=12
Running  on python version
3.6.10 |Anaconda, Inc.| (default, May  8 2020, 02:54:21) 
[GCC 7.3.0]
Number of obstacles 24
-------------------------------
Starting the ray bouncing and information storage
-------------------------------
Tx [0.3 0.5 0.1]
-------------------------------
Ray-launching complete
Time taken 305.60111451148987
-------------------------------
---------------------------------
Starting the power calculation
-------------------------------
Job number 12
Power from DSM complete
Time taken [0.347]
-------------------------------
-------------------------------
Job number 12
Quality from DSM complete [-1.491]
Time taken [0.018]
-------------------------------
-------------------------------
Time to complete program
[[[  1.    305.601   0.347   0.347 305.948 305.948   0.      0.   ]]]
-------------------------------
-------------------------------
-------------------------------
job=13
Running  on python version
3.6.10 |Anaconda, Inc.| (default, May  8 2020, 02:54:21) 
[GCC 7.3.0]
Number of obstacles 24
-------------------------------
Starting the ray bouncing and information storage
-------------------------------
Tx [0.3 0.7 0.1]
-------------------------------
Ray-launching complete
Time taken 310.83584094047546
-------------------------------
---------------------------------
Starting the power calculation
-------------------------------
Job number 13
Power from DSM complete
Time taken [0.651]
-------------------------------
-------------------------------
Job number 13
Quality from DSM complete [-2.518]
Time taken [0.029]
-------------------------------
-------------------------------
Time to complete program
[[[  1.    310.836   0.651   0.651 311.487 311.487   0.      0.   ]]]
-------------------------------
-------------------------------
-------------------------------
job=14
Running  on python version
3.6.10 |Anaconda, Inc.| (default, May  8 2020, 02:54:21) 
[GCC 7.3.0]
Number of obstacles 24
-------------------------------
Starting the ray bouncing and information storage
-------------------------------
Tx [0.3 0.9 0.1]
-------------------------------
Ray-launching complete
Time taken 305.96236872673035
-------------------------------
---------------------------------
Starting the power calculation
-------------------------------
Job number 14
Power from DSM complete
Time taken [2.064]
-------------------------------
-------------------------------
Job number 14
Quality from DSM complete [-2.641]
Time taken [0.251]
-------------------------------
-------------------------------
Time to complete program
[[[  1.    305.962   2.064   2.064 308.027 308.027   0.      0.   ]]]
-------------------------------
-------------------------------
-------------------------------
job=15
Running  on python version
3.6.10 |Anaconda, Inc.| (default, May  8 2020, 02:54:21) 
[GCC 7.3.0]
Number of obstacles 24
-------------------------------
Starting the ray bouncing and information storage
-------------------------------
Tx [0.3 1.1 0.1]
-------------------------------
Ray-launching complete
Time taken 315.8440754413605
-------------------------------
---------------------------------
Starting the power calculation
-------------------------------
Job number 15
Power from DSM complete
Time taken [0.984]
-------------------------------
-------------------------------
Job number 15
Quality from DSM complete [-3.639]
Time taken [0.029]
-------------------------------
-------------------------------
Time to complete program
[[[  1.    315.844   0.984   0.984 316.828 316.828   0.      0.   ]]]
-------------------------------
-------------------------------
-------------------------------
job=16
Running  on python version
3.6.10 |Anaconda, Inc.| (default, May  8 2020, 02:54:21) 
[GCC 7.3.0]
Number of obstacles 24
-------------------------------
Starting the ray bouncing and information storage
-------------------------------
Tx [0.3 1.3 0.1]
-------------------------------
Ray-launching complete
Time taken 324.0247333049774
-------------------------------
---------------------------------
Starting the power calculation
-------------------------------
Job number 16
Power from DSM complete
Time taken [0.461]
-------------------------------
-------------------------------
Job number 16
Quality from DSM complete [-3.233]
Time taken [0.011]
-------------------------------
-------------------------------
Time to complete program
[[[  1.    324.025   0.461   0.461 324.485 324.485   0.      0.   ]]]
-------------------------------
-------------------------------
-------------------------------
job=17
Running  on python version
3.6.10 |Anaconda, Inc.| (default, May  8 2020, 02:54:21) 
[GCC 7.3.0]
Number of obstacles 24
-------------------------------
Starting the ray bouncing and information storage
-------------------------------
Tx [0.3 1.5 0.1]
-------------------------------
Ray-launching complete
Time taken 328.2531387805939
-------------------------------
---------------------------------
Starting the power calculation
-------------------------------
Job number 17
Power from DSM complete
Time taken [0.594]
-------------------------------
-------------------------------
Job number 17
Quality from DSM complete [-3.88]
Time taken [0.003]
-------------------------------
-------------------------------
Time to complete program
[[[  1.    328.253   0.594   0.594 328.848 328.848   0.      0.   ]]]
-------------------------------
-------------------------------
-------------------------------
job=18
Running  on python version
3.6.10 |Anaconda, Inc.| (default, May  8 2020, 02:54:21) 
[GCC 7.3.0]
Number of obstacles 24
-------------------------------
Starting the ray bouncing and information storage
-------------------------------
Tx [0.3 1.7 0.1]
-------------------------------
Ray-launching complete
Time taken 336.9883623123169
-------------------------------
---------------------------------
Starting the power calculation
-------------------------------
Job number 18
Power from DSM complete
Time taken [0.489]
-------------------------------
-------------------------------
Job number 18
Quality from DSM complete [-3.746]
Time taken [0.007]
-------------------------------
-------------------------------
Time to complete program
[[[  1.    336.988   0.489   0.489 337.477 337.477   0.      0.   ]]]
-------------------------------
-------------------------------
-------------------------------
job=19
Running  on python version
3.6.10 |Anaconda, Inc.| (default, May  8 2020, 02:54:21) 
[GCC 7.3.0]
Number of obstacles 24
-------------------------------
Starting the ray bouncing and information storage
-------------------------------
Tx [0.3 1.9 0.1]
-------------------------------
Ray-launching complete
Time taken 350.49989199638367
-------------------------------
---------------------------------
Starting the power calculation
-------------------------------
Job number 19
Power from DSM complete
Time taken [0.446]
-------------------------------
-------------------------------
Job number 19
Quality from DSM complete [-3.7]
Time taken [0.003]
-------------------------------
-------------------------------
Time to complete program
[[[  1.    350.5     0.446   0.446 350.946 350.946   0.      0.   ]]]
-------------------------------
-------------------------------
-------------------------------
job=20
Running  on python version
3.6.10 |Anaconda, Inc.| (default, May  8 2020, 02:54:21) 
[GCC 7.3.0]
Number of obstacles 24
-------------------------------
Starting the ray bouncing and information storage
-------------------------------
Tx [0.5 0.1 0.1]
-------------------------------
Ray-launching complete
Time taken 392.3156328201294
-------------------------------
---------------------------------
Starting the power calculation
-------------------------------
Job number 20
Power from DSM complete
Time taken [0.371]
-------------------------------
-------------------------------
Job number 20
Quality from DSM complete [-1.383]
Time taken [0.019]
-------------------------------
-------------------------------
Time to complete program
[[[1.000e+00 3.923e+02 3.708e-01 3.708e-01 3.927e+02 3.927e+02 0.000e+00
   0.000e+00]]]
-------------------------------
-------------------------------
-------------------------------
job=21
Running  on python version
3.6.10 |Anaconda, Inc.| (default, May  8 2020, 02:54:21) 
[GCC 7.3.0]
Number of obstacles 24
-------------------------------
Starting the ray bouncing and information storage
-------------------------------
Tx [0.5 0.3 0.1]
-------------------------------
Ray-launching complete
Time taken 395.8178336620331
-------------------------------
---------------------------------
Starting the power calculation
-------------------------------
Job number 21
Power from DSM complete
Time taken [0.343]
-------------------------------
-------------------------------
Job number 21
Quality from DSM complete [-1.052]
Time taken [0.051]
-------------------------------
-------------------------------
Time to complete program
[[[1.000e+00 3.958e+02 3.430e-01 3.430e-01 3.962e+02 3.962e+02 0.000e+00
   0.000e+00]]]
-------------------------------
-------------------------------
-------------------------------
job=22
Running  on python version
3.6.10 |Anaconda, Inc.| (default, May  8 2020, 02:54:21) 
[GCC 7.3.0]
Number of obstacles 24
-------------------------------
Starting the ray bouncing and information storage
-------------------------------
Tx [0.5 0.5 0.1]
-------------------------------
Ray-launching complete
Time taken 392.9264314174652
-------------------------------
---------------------------------
Starting the power calculation
-------------------------------
Job number 22
Power from DSM complete
Time taken [0.629]
-------------------------------
-------------------------------
Job number 22
Quality from DSM complete [-2.287]
Time taken [0.003]
-------------------------------
-------------------------------
Time to complete program
[[[  1.    392.926   0.629   0.629 393.555 393.555   0.      0.   ]]]
-------------------------------
-------------------------------
-------------------------------
job=23
Running  on python version
3.6.10 |Anaconda, Inc.| (default, May  8 2020, 02:54:21) 
[GCC 7.3.0]
Number of obstacles 24
-------------------------------
Starting the ray bouncing and information storage
-------------------------------
Tx [0.5 0.7 0.1]
-------------------------------
Ray-launching complete
Time taken 388.03085923194885
-------------------------------
---------------------------------
Starting the power calculation
-------------------------------
Job number 23
Power from DSM complete
Time taken [0.506]
-------------------------------
-------------------------------
Job number 23
Quality from DSM complete [-1.131]
Time taken [0.003]
-------------------------------
-------------------------------
Time to complete program
[[[  1.    388.031   0.506   0.506 388.537 388.537   0.      0.   ]]]
-------------------------------
-------------------------------
-------------------------------
job=24
Running  on python version
3.6.10 |Anaconda, Inc.| (default, May  8 2020, 02:54:21) 
[GCC 7.3.0]
Number of obstacles 24
-------------------------------
Starting the ray bouncing and information storage
-------------------------------
Tx [0.5 0.9 0.1]
-------------------------------
Ray-launching complete
Time taken 385.1929121017456
-------------------------------
---------------------------------
Starting the power calculation
-------------------------------
Job number 24
Power from DSM complete
Time taken [0.644]
-------------------------------
-------------------------------
Job number 24
Quality from DSM complete [-1.822]
Time taken [0.004]
-------------------------------
-------------------------------
Time to complete program
[[[  1.    385.193   0.644   0.644 385.837 385.837   0.      0.   ]]]
-------------------------------
-------------------------------
-------------------------------
job=25
Running  on python version
3.6.10 |Anaconda, Inc.| (default, May  8 2020, 02:54:21) 
[GCC 7.3.0]
Number of obstacles 24
-------------------------------
Starting the ray bouncing and information storage
-------------------------------
Tx [0.5 1.1 0.1]
-------------------------------
Ray-launching complete
Time taken 382.4278826713562
-------------------------------
---------------------------------
Starting the power calculation
-------------------------------
Job number 25
Power from DSM complete
Time taken [0.613]
-------------------------------
-------------------------------
Job number 25
Quality from DSM complete [-2.74]
Time taken [0.017]
-------------------------------
-------------------------------
Time to complete program
[[[  1.    382.428   0.613   0.613 383.041 383.041   0.      0.   ]]]
-------------------------------
-------------------------------
-------------------------------
job=26
Running  on python version
3.6.10 |Anaconda, Inc.| (default, May  8 2020, 02:54:21) 
[GCC 7.3.0]
Number of obstacles 24
-------------------------------
Starting the ray bouncing and information storage
-------------------------------
Tx [0.5 1.3 0.1]
-------------------------------
Ray-launching complete
Time taken 391.1411437988281
-------------------------------
---------------------------------
Starting the power calculation
-------------------------------
Job number 26
Power from DSM complete
Time taken [0.431]
-------------------------------
-------------------------------
Job number 26
Quality from DSM complete [-1.859]
Time taken [0.012]
-------------------------------
-------------------------------
Time to complete program
[[[  1.    391.141   0.431   0.431 391.572 391.572   0.      0.   ]]]
-------------------------------
-------------------------------
-------------------------------
job=27
Running  on python version
3.6.10 |Anaconda, Inc.| (default, May  8 2020, 02:54:21) 
[GCC 7.3.0]
Number of obstacles 24
-------------------------------
Starting the ray bouncing and information storage
-------------------------------
Tx [0.5 1.5 0.1]
-------------------------------
Ray-launching complete
Time taken 398.70303773880005
-------------------------------
---------------------------------
Starting the power calculation
-------------------------------
Job number 27
Power from DSM complete
Time taken [0.956]
-------------------------------
-------------------------------
Job number 27
Quality from DSM complete [-3.811]
Time taken [0.017]
-------------------------------
-------------------------------
Time to complete program
[[[  1.    398.703   0.956   0.956 399.659 399.659   0.      0.   ]]]
-------------------------------
-------------------------------
-------------------------------
job=28
Running  on python version
3.6.10 |Anaconda, Inc.| (default, May  8 2020, 02:54:21) 
[GCC 7.3.0]
Number of obstacles 24
-------------------------------
Starting the ray bouncing and information storage
-------------------------------
Tx [0.5 1.7 0.1]
-------------------------------
Ray-launching complete
Time taken 401.15648889541626
-------------------------------
---------------------------------
Starting the power calculation
-------------------------------
Job number 28
Power from DSM complete
Time taken [0.623]
-------------------------------
-------------------------------
Job number 28
Quality from DSM complete [-2.916]
Time taken [0.005]
-------------------------------
-------------------------------
Time to complete program
[[[  1.    401.156   0.623   0.623 401.779 401.779   0.      0.   ]]]
-------------------------------
-------------------------------
-------------------------------
job=29
Running  on python version
3.6.10 |Anaconda, Inc.| (default, May  8 2020, 02:54:21) 
[GCC 7.3.0]
Number of obstacles 24
-------------------------------
Starting the ray bouncing and information storage
-------------------------------
Tx [0.5 1.9 0.1]
-------------------------------
Ray-launching complete
Time taken 400.04999327659607
-------------------------------
---------------------------------
Starting the power calculation
-------------------------------
Job number 29
Power from DSM complete
Time taken [0.741]
-------------------------------
-------------------------------
Job number 29
Quality from DSM complete [-2.768]
Time taken [0.011]
-------------------------------
-------------------------------
Time to complete program
[[[  1.    400.05    0.741   0.741 400.791 400.791   0.      0.   ]]]
-------------------------------
-------------------------------
-------------------------------
job=30
Running  on python version
3.6.10 |Anaconda, Inc.| (default, May  8 2020, 02:54:21) 
[GCC 7.3.0]
Number of obstacles 24
-------------------------------
Starting the ray bouncing and information storage
-------------------------------
Tx [0.7 0.1 0.1]
-------------------------------
Ray-launching complete
Time taken 409.5917990207672
-------------------------------
---------------------------------
Starting the power calculation
-------------------------------
Job number 30
Power from DSM complete
Time taken [0.565]
-------------------------------
-------------------------------
Job number 30
Quality from DSM complete [-2.305]
Time taken [0.104]
-------------------------------
-------------------------------
Time to complete program
[[[  1.    409.592   0.565   0.565 410.157 410.157   0.      0.   ]]]
-------------------------------
-------------------------------
-------------------------------
job=31
Running  on python version
3.6.10 |Anaconda, Inc.| (default, May  8 2020, 02:54:21) 
[GCC 7.3.0]
Number of obstacles 24
-------------------------------
Starting the ray bouncing and information storage
-------------------------------
Tx [0.7 0.3 0.1]
-------------------------------
Ray-launching complete
Time taken 409.58236742019653
-------------------------------
---------------------------------
Starting the power calculation
-------------------------------
Job number 31
Power from DSM complete
Time taken [0.586]
-------------------------------
-------------------------------
Job number 31
Quality from DSM complete [-2.192]
Time taken [0.019]
-------------------------------
-------------------------------
Time to complete program
[[[  1.    409.582   0.586   0.586 410.169 410.169   0.      0.   ]]]
-------------------------------
-------------------------------
-------------------------------
job=32
Running  on python version
3.6.10 |Anaconda, Inc.| (default, May  8 2020, 02:54:21) 
[GCC 7.3.0]
Number of obstacles 24
-------------------------------
Starting the ray bouncing and information storage
-------------------------------
Tx [0.7 0.5 0.1]
-------------------------------
Ray-launching complete
Time taken 409.00927662849426
-------------------------------
---------------------------------
Starting the power calculation
-------------------------------
Job number 32
Power from DSM complete
Time taken [0.493]
-------------------------------
-------------------------------
Job number 32
Quality from DSM complete [-2.289]
Time taken [0.003]
-------------------------------
-------------------------------
Time to complete program
[[[  1.    409.009   0.493   0.493 409.503 409.503   0.      0.   ]]]
-------------------------------
-------------------------------
-------------------------------
job=33
Running  on python version
3.6.10 |Anaconda, Inc.| (default, May  8 2020, 02:54:21) 
[GCC 7.3.0]
Number of obstacles 24
-------------------------------
Starting the ray bouncing and information storage
-------------------------------
Tx [0.7 0.7 0.1]
-------------------------------
Ray-launching complete
Time taken 393.3331227302551
-------------------------------
---------------------------------
Starting the power calculation
-------------------------------
Job number 33
Power from DSM complete
Time taken [0.604]
-------------------------------
-------------------------------
Job number 33
Quality from DSM complete [-2.045]
Time taken [0.024]
-------------------------------
-------------------------------
Time to complete program
[[[  1.    393.333   0.604   0.604 393.938 393.938   0.      0.   ]]]
-------------------------------
-------------------------------
-------------------------------
job=34
Running  on python version
3.6.10 |Anaconda, Inc.| (default, May  8 2020, 02:54:21) 
[GCC 7.3.0]
Number of obstacles 24
-------------------------------
Starting the ray bouncing and information storage
-------------------------------
Tx [0.7 0.9 0.1]
-------------------------------
Ray-launching complete
Time taken 395.66068625450134
-------------------------------
---------------------------------
Starting the power calculation
-------------------------------
Job number 34
Power from DSM complete
Time taken [0.512]
-------------------------------
-------------------------------
Job number 34
Quality from DSM complete [-2.965]
Time taken [0.004]
-------------------------------
-------------------------------
Time to complete program
[[[  1.    395.661   0.512   0.512 396.173 396.173   0.      0.   ]]]
-------------------------------
-------------------------------
-------------------------------
job=35
Running  on python version
3.6.10 |Anaconda, Inc.| (default, May  8 2020, 02:54:21) 
[GCC 7.3.0]
Number of obstacles 24
-------------------------------
Starting the ray bouncing and information storage
-------------------------------
Tx [0.7 1.1 0.1]
-------------------------------
Ray-launching complete
Time taken 403.3976697921753
-------------------------------
---------------------------------
Starting the power calculation
-------------------------------
Job number 35
Power from DSM complete
Time taken [0.648]
-------------------------------
-------------------------------
Job number 35
Quality from DSM complete [-4.464]
Time taken [0.019]
-------------------------------
-------------------------------
Time to complete program
[[[  1.    403.398   0.648   0.648 404.045 404.045   0.      0.   ]]]
-------------------------------
-------------------------------
-------------------------------
job=36
Running  on python version
3.6.10 |Anaconda, Inc.| (default, May  8 2020, 02:54:21) 
[GCC 7.3.0]
Number of obstacles 24
-------------------------------
Starting the ray bouncing and information storage
-------------------------------
Tx [0.7 1.3 0.1]
-------------------------------
Ray-launching complete
Time taken 402.0219006538391
-------------------------------
---------------------------------
Starting the power calculation
-------------------------------
Job number 36
Power from DSM complete
Time taken [0.61]
-------------------------------
-------------------------------
Job number 36
Quality from DSM complete [-3.953]
Time taken [0.014]
-------------------------------
-------------------------------
Time to complete program
[[[  1.    402.022   0.61    0.61  402.632 402.632   0.      0.   ]]]
-------------------------------
-------------------------------
-------------------------------
job=37
Running  on python version
3.6.10 |Anaconda, Inc.| (default, May  8 2020, 02:54:21) 
[GCC 7.3.0]
Number of obstacles 24
-------------------------------
Starting the ray bouncing and information storage
-------------------------------
Tx [0.7 1.5 0.1]
-------------------------------
Ray-launching complete
Time taken 405.83840131759644
-------------------------------
---------------------------------
Starting the power calculation
-------------------------------
Job number 37
Power from DSM complete
Time taken [0.976]
-------------------------------
-------------------------------
Job number 37
Quality from DSM complete [-4.592]
Time taken [0.003]
-------------------------------
-------------------------------
Time to complete program
[[[  1.    405.838   0.976   0.976 406.814 406.814   0.      0.   ]]]
-------------------------------
-------------------------------
-------------------------------
job=38
Running  on python version
3.6.10 |Anaconda, Inc.| (default, May  8 2020, 02:54:21) 
[GCC 7.3.0]
Number of obstacles 24
-------------------------------
Starting the ray bouncing and information storage
-------------------------------
Tx [0.7 1.7 0.1]
-------------------------------
Ray-launching complete
Time taken 410.8473536968231
-------------------------------
---------------------------------
Starting the power calculation
-------------------------------
Job number 38
Power from DSM complete
Time taken [0.768]
-------------------------------
-------------------------------
Job number 38
Quality from DSM complete [-4.523]
Time taken [0.027]
-------------------------------
-------------------------------
Time to complete program
[[[  1.    410.847   0.768   0.768 411.616 411.616   0.      0.   ]]]
-------------------------------
-------------------------------
-------------------------------
job=39
Running  on python version
3.6.10 |Anaconda, Inc.| (default, May  8 2020, 02:54:21) 
[GCC 7.3.0]
Number of obstacles 24
-------------------------------
Starting the ray bouncing and information storage
-------------------------------
Tx [0.7 1.9 0.1]
-------------------------------
Ray-launching complete
Time taken 412.5237741470337
-------------------------------
---------------------------------
Starting the power calculation
-------------------------------
Job number 39
Power from DSM complete
Time taken [1.158]
-------------------------------
-------------------------------
Job number 39
Quality from DSM complete [-4.125]
Time taken [0.065]
-------------------------------
-------------------------------
Time to complete program
[[[  1.    412.524   1.158   1.158 413.682 413.682   0.      0.   ]]]
-------------------------------
-------------------------------
-------------------------------
job=40
Running  on python version
3.6.10 |Anaconda, Inc.| (default, May  8 2020, 02:54:21) 
[GCC 7.3.0]
Number of obstacles 24
-------------------------------
Starting the ray bouncing and information storage
-------------------------------
Tx [0.9 0.1 0.1]
-------------------------------
Ray-launching complete
Time taken 274.8520829677582
-------------------------------
---------------------------------
Starting the power calculation
-------------------------------
Job number 40
Power from DSM complete
Time taken [0.636]
-------------------------------
-------------------------------
Job number 40
Quality from DSM complete [-2.246]
Time taken [0.003]
-------------------------------
-------------------------------
Time to complete program
[[[  1.    274.852   0.636   0.636 275.489 275.489   0.      0.   ]]]
-------------------------------
-------------------------------
-------------------------------
job=41
Running  on python version
3.6.10 |Anaconda, Inc.| (default, May  8 2020, 02:54:21) 
[GCC 7.3.0]
Number of obstacles 24
-------------------------------
Starting the ray bouncing and information storage
-------------------------------
Tx [0.9 0.3 0.1]
-------------------------------
Ray-launching complete
Time taken 272.72040581703186
-------------------------------
---------------------------------
Starting the power calculation
-------------------------------
Job number 41
Power from DSM complete
Time taken [0.33]
-------------------------------
-------------------------------
Job number 41
Quality from DSM complete [-2.659]
Time taken [0.023]
-------------------------------
-------------------------------
Time to complete program
[[[  1.    272.72    0.33    0.33  273.051 273.051   0.      0.   ]]]
-------------------------------
-------------------------------
-------------------------------
job=42
Running  on python version
3.6.10 |Anaconda, Inc.| (default, May  8 2020, 02:54:21) 
[GCC 7.3.0]
Number of obstacles 24
-------------------------------
Starting the ray bouncing and information storage
-------------------------------
Tx [0.9 0.5 0.1]
-------------------------------
Ray-launching complete
Time taken 282.50012135505676
-------------------------------
---------------------------------
Starting the power calculation
-------------------------------
Job number 42
Power from DSM complete
Time taken [0.369]
-------------------------------
-------------------------------
Job number 42
Quality from DSM complete [-2.264]
Time taken [0.003]
-------------------------------
-------------------------------
Time to complete program
[[[  1.    282.5     0.369   0.369 282.869 282.869   0.      0.   ]]]
-------------------------------
-------------------------------
-------------------------------
job=43
Running  on python version
3.6.10 |Anaconda, Inc.| (default, May  8 2020, 02:54:21) 
[GCC 7.3.0]
Number of obstacles 24
-------------------------------
Starting the ray bouncing and information storage
-------------------------------
Tx [0.9 0.7 0.1]
-------------------------------
Ray-launching complete
Time taken 284.5788733959198
-------------------------------
---------------------------------
Starting the power calculation
-------------------------------
Job number 43
Power from DSM complete
Time taken [0.524]
-------------------------------
-------------------------------
Job number 43
Quality from DSM complete [-2.245]
Time taken [0.004]
-------------------------------
-------------------------------
Time to complete program
[[[  1.    284.579   0.524   0.524 285.103 285.103   0.      0.   ]]]
-------------------------------
-------------------------------
-------------------------------
job=44
Running  on python version
3.6.10 |Anaconda, Inc.| (default, May  8 2020, 02:54:21) 
[GCC 7.3.0]
Number of obstacles 24
-------------------------------
Starting the ray bouncing and information storage
-------------------------------
Tx [0.9 0.9 0.1]
-------------------------------
Ray-launching complete
Time taken 293.62237572669983
-------------------------------
---------------------------------
Starting the power calculation
-------------------------------
Job number 44
Power from DSM complete
Time taken [0.581]
-------------------------------
-------------------------------
Job number 44
Quality from DSM complete [-2.701]
Time taken [0.003]
-------------------------------
-------------------------------
Time to complete program
[[[  1.    293.622   0.581   0.581 294.203 294.203   0.      0.   ]]]
-------------------------------
-------------------------------
-------------------------------
job=45
Running  on python version
3.6.10 |Anaconda, Inc.| (default, May  8 2020, 02:54:21) 
[GCC 7.3.0]
Number of obstacles 24
-------------------------------
Starting the ray bouncing and information storage
-------------------------------
Tx [0.9 1.1 0.1]
-------------------------------
Ray-launching complete
Time taken 392.85529613494873
-------------------------------
---------------------------------
Starting the power calculation
-------------------------------
Job number 45
Power from DSM complete
Time taken [0.753]
-------------------------------
-------------------------------
Job number 45
Quality from DSM complete [-5.368]
Time taken [0.006]
-------------------------------
-------------------------------
Time to complete program
[[[  1.    392.855   0.753   0.753 393.609 393.609   0.      0.   ]]]
-------------------------------
-------------------------------
-------------------------------
job=46
Running  on python version
3.6.10 |Anaconda, Inc.| (default, May  8 2020, 02:54:21) 
[GCC 7.3.0]
Number of obstacles 24
-------------------------------
Starting the ray bouncing and information storage
-------------------------------
Tx [0.9 1.3 0.1]
-------------------------------
Ray-launching complete
Time taken 394.86891317367554
-------------------------------
---------------------------------
Starting the power calculation
-------------------------------
Job number 46
Power from DSM complete
Time taken [0.604]
-------------------------------
-------------------------------
Job number 46
Quality from DSM complete [-3.32]
Time taken [0.044]
-------------------------------
-------------------------------
Time to complete program
[[[  1.    394.869   0.604   0.604 395.473 395.473   0.      0.   ]]]
-------------------------------
-------------------------------
-------------------------------
job=47
Running  on python version
3.6.10 |Anaconda, Inc.| (default, May  8 2020, 02:54:21) 
[GCC 7.3.0]
Number of obstacles 24
-------------------------------
Starting the ray bouncing and information storage
-------------------------------
Tx [0.9 1.5 0.1]
-------------------------------
Ray-launching complete
Time taken 396.30040216445923
-------------------------------
---------------------------------
Starting the power calculation
-------------------------------
Job number 47
Power from DSM complete
Time taken [0.867]
-------------------------------
-------------------------------
Job number 47
Quality from DSM complete [-4.289]
Time taken [0.003]
-------------------------------
-------------------------------
Time to complete program
[[[  1.    396.3     0.867   0.867 397.168 397.168   0.      0.   ]]]
-------------------------------
-------------------------------
-------------------------------
job=48
Running  on python version
3.6.10 |Anaconda, Inc.| (default, May  8 2020, 02:54:21) 
[GCC 7.3.0]
Number of obstacles 24
-------------------------------
Starting the ray bouncing and information storage
-------------------------------
Tx [0.9 1.7 0.1]
-------------------------------
Ray-launching complete
Time taken 399.2166485786438
-------------------------------
---------------------------------
Starting the power calculation
-------------------------------
Job number 48
Power from DSM complete
Time taken [0.603]
-------------------------------
-------------------------------
Job number 48
Quality from DSM complete [-4.535]
Time taken [0.015]
-------------------------------
-------------------------------
Time to complete program
[[[  1.    399.217   0.603   0.603 399.82  399.82    0.      0.   ]]]
-------------------------------
-------------------------------
-------------------------------
job=49
Running  on python version
3.6.10 |Anaconda, Inc.| (default, May  8 2020, 02:54:21) 
[GCC 7.3.0]
Number of obstacles 24
-------------------------------
Starting the ray bouncing and information storage
-------------------------------
Tx [0.9 1.9 0.1]
-------------------------------
Ray-launching complete
Time taken 401.686603307724
-------------------------------
---------------------------------
Starting the power calculation
-------------------------------
Job number 49
Power from DSM complete
Time taken [0.618]
-------------------------------
-------------------------------
Job number 49
Quality from DSM complete [-4.45]
Time taken [0.016]
-------------------------------
-------------------------------
Time to complete program
[[[  1.    401.687   0.618   0.618 402.305 402.305   0.      0.   ]]]
-------------------------------
-------------------------------
-------------------------------
job=50
Running  on python version
3.6.10 |Anaconda, Inc.| (default, May  8 2020, 02:54:21) 
[GCC 7.3.0]
Number of obstacles 24
This is not a valid transmitter location
---------------------------------
Starting the power calculation
job=51
Running  on python version
3.6.10 |Anaconda, Inc.| (default, May  8 2020, 02:54:21) 
[GCC 7.3.0]
Number of obstacles 24
This is not a valid transmitter location
---------------------------------
Starting the power calculation
job=52
Running  on python version
3.6.10 |Anaconda, Inc.| (default, May  8 2020, 02:54:21) 
[GCC 7.3.0]
Number of obstacles 24
-------------------------------
Starting the ray bouncing and information storage
-------------------------------
Tx [0.1 0.5 0.3]
-------------------------------
Ray-launching complete
Time taken 299.17342233657837
-------------------------------
---------------------------------
Starting the power calculation
-------------------------------
Job number 52
Power from DSM complete
Time taken [0.263]
-------------------------------
-------------------------------
Job number 52
Quality from DSM complete [-1.751]
Time taken [0.019]
-------------------------------
-------------------------------
Time to complete program
[[[1.000e+00 2.992e+02 2.626e-01 2.626e-01 2.994e+02 2.994e+02 0.000e+00
   0.000e+00]]]
-------------------------------
-------------------------------
-------------------------------
job=53
Running  on python version
3.6.10 |Anaconda, Inc.| (default, May  8 2020, 02:54:21) 
[GCC 7.3.0]
Number of obstacles 24
-------------------------------
Starting the ray bouncing and information storage
-------------------------------
Tx [0.1 0.7 0.3]
-------------------------------
Ray-launching complete
Time taken 303.759733915329
-------------------------------
---------------------------------
Starting the power calculation
-------------------------------
Job number 53
Power from DSM complete
Time taken [0.365]
-------------------------------
-------------------------------
Job number 53
Quality from DSM complete [-2.757]
Time taken [0.005]
-------------------------------
-------------------------------
Time to complete program
[[[  1.    303.76    0.365   0.365 304.125 304.125   0.      0.   ]]]
-------------------------------
-------------------------------
-------------------------------
job=54
Running  on python version
3.6.10 |Anaconda, Inc.| (default, May  8 2020, 02:54:21) 
[GCC 7.3.0]
Number of obstacles 24
-------------------------------
Starting the ray bouncing and information storage
-------------------------------
Tx [0.1 0.9 0.3]
-------------------------------
Ray-launching complete
Time taken 307.9630959033966
-------------------------------
---------------------------------
Starting the power calculation
-------------------------------
Job number 54
Power from DSM complete
Time taken [0.361]
-------------------------------
-------------------------------
Job number 54
Quality from DSM complete [-2.88]
Time taken [0.003]
-------------------------------
-------------------------------
Time to complete program
[[[  1.    307.963   0.361   0.361 308.325 308.325   0.      0.   ]]]
-------------------------------
-------------------------------
-------------------------------
job=55
Running  on python version
3.6.10 |Anaconda, Inc.| (default, May  8 2020, 02:54:21) 
[GCC 7.3.0]
Number of obstacles 24
-------------------------------
Starting the ray bouncing and information storage
-------------------------------
Tx [0.1 1.1 0.3]
-------------------------------
Ray-launching complete
Time taken 316.3944876194
-------------------------------
---------------------------------
Starting the power calculation
-------------------------------
Job number 55
Power from DSM complete
Time taken [0.413]
-------------------------------
-------------------------------
Job number 55
Quality from DSM complete [-2.773]
Time taken [0.003]
-------------------------------
-------------------------------
Time to complete program
[[[  1.    316.394   0.413   0.413 316.808 316.808   0.      0.   ]]]
-------------------------------
-------------------------------
-------------------------------
job=56
Running  on python version
3.6.10 |Anaconda, Inc.| (default, May  8 2020, 02:54:21) 
[GCC 7.3.0]
Number of obstacles 24
-------------------------------
Starting the ray bouncing and information storage
-------------------------------
Tx [0.1 1.3 0.3]
-------------------------------
Ray-launching complete
Time taken 324.83285212516785
-------------------------------
---------------------------------
Starting the power calculation
-------------------------------
Job number 56
Power from DSM complete
Time taken [0.379]
-------------------------------
-------------------------------
Job number 56
Quality from DSM complete [-2.49]
Time taken [0.003]
-------------------------------
-------------------------------
Time to complete program
[[[  1.    324.833   0.379   0.379 325.212 325.212   0.      0.   ]]]
-------------------------------
-------------------------------
-------------------------------
job=57
Running  on python version
3.6.10 |Anaconda, Inc.| (default, May  8 2020, 02:54:21) 
[GCC 7.3.0]
Number of obstacles 24
-------------------------------
Starting the ray bouncing and information storage
-------------------------------
Tx [0.1 1.5 0.3]
-------------------------------
Ray-launching complete
Time taken 335.3745086193085
-------------------------------
---------------------------------
Starting the power calculation
-------------------------------
Job number 57
Power from DSM complete
Time taken [0.403]
-------------------------------
-------------------------------
Job number 57
Quality from DSM complete [-4.247]
Time taken [0.003]
-------------------------------
-------------------------------
Time to complete program
[[[  1.    335.375   0.403   0.403 335.778 335.778   0.      0.   ]]]
-------------------------------
-------------------------------
-------------------------------
job=58
Running  on python version
3.6.10 |Anaconda, Inc.| (default, May  8 2020, 02:54:21) 
[GCC 7.3.0]
Number of obstacles 24
-------------------------------
Starting the ray bouncing and information storage
-------------------------------
Tx [0.1 1.7 0.3]
-------------------------------
Ray-launching complete
Time taken 339.2562336921692
-------------------------------
---------------------------------
Starting the power calculation
-------------------------------
Job number 58
Power from DSM complete
Time taken [0.393]
-------------------------------
-------------------------------
Job number 58
Quality from DSM complete [-2.9]
Time taken [0.003]
-------------------------------
-------------------------------
Time to complete program
[[[  1.    339.256   0.393   0.393 339.649 339.649   0.      0.   ]]]
-------------------------------
-------------------------------
-------------------------------
job=59
Running  on python version
3.6.10 |Anaconda, Inc.| (default, May  8 2020, 02:54:21) 
[GCC 7.3.0]
Number of obstacles 24
-------------------------------
Starting the ray bouncing and information storage
-------------------------------
Tx [0.1 1.9 0.3]
-------------------------------
Ray-launching complete
Time taken 351.6532564163208
-------------------------------
---------------------------------
Starting the power calculation
-------------------------------
Job number 59
Power from DSM complete
Time taken [0.375]
-------------------------------
-------------------------------
Job number 59
Quality from DSM complete [-3.976]
Time taken [0.003]
-------------------------------
-------------------------------
Time to complete program
[[[  1.    351.653   0.375   0.375 352.029 352.029   0.      0.   ]]]
-------------------------------
-------------------------------
-------------------------------
job=60
Running  on python version
3.6.10 |Anaconda, Inc.| (default, May  8 2020, 02:54:21) 
[GCC 7.3.0]
Number of obstacles 24
This is not a valid transmitter location
---------------------------------
Starting the power calculation
job=61
Running  on python version
3.6.10 |Anaconda, Inc.| (default, May  8 2020, 02:54:21) 
[GCC 7.3.0]
Number of obstacles 24
This is not a valid transmitter location
---------------------------------
Starting the power calculation
job=62
Running  on python version
3.6.10 |Anaconda, Inc.| (default, May  8 2020, 02:54:21) 
[GCC 7.3.0]
Number of obstacles 24
-------------------------------
Starting the ray bouncing and information storage
-------------------------------
Tx [0.3 0.5 0.3]
-------------------------------
Ray-launching complete
Time taken 319.6048526763916
-------------------------------
---------------------------------
Starting the power calculation
-------------------------------
Job number 62
Power from DSM complete
Time taken [0.285]
-------------------------------
-------------------------------
Job number 62
Quality from DSM complete [-1.599]
Time taken [0.003]
-------------------------------
-------------------------------
Time to complete program
[[[1.000e+00 3.196e+02 2.852e-01 2.852e-01 3.199e+02 3.199e+02 0.000e+00
   0.000e+00]]]
-------------------------------
-------------------------------
-------------------------------
job=63
Running  on python version
3.6.10 |Anaconda, Inc.| (default, May  8 2020, 02:54:21) 
[GCC 7.3.0]
Number of obstacles 24
-------------------------------
Starting the ray bouncing and information storage
-------------------------------
Tx [0.3 0.7 0.3]
-------------------------------
Ray-launching complete
Time taken 323.4341571331024
-------------------------------
---------------------------------
Starting the power calculation
-------------------------------
Job number 63
Power from DSM complete
Time taken [0.406]
-------------------------------
-------------------------------
Job number 63
Quality from DSM complete [-3.298]
Time taken [0.037]
-------------------------------
-------------------------------
Time to complete program
[[[  1.    323.434   0.406   0.406 323.84  323.84    0.      0.   ]]]
-------------------------------
-------------------------------
-------------------------------
job=64
Running  on python version
3.6.10 |Anaconda, Inc.| (default, May  8 2020, 02:54:21) 
[GCC 7.3.0]
Number of obstacles 24
-------------------------------
Starting the ray bouncing and information storage
-------------------------------
Tx [0.3 0.9 0.3]
-------------------------------
Ray-launching complete
Time taken 318.62291502952576
-------------------------------
---------------------------------
Starting the power calculation
-------------------------------
Job number 64
Power from DSM complete
Time taken [0.288]
-------------------------------
-------------------------------
Job number 64
Quality from DSM complete [-2.088]
Time taken [0.003]
-------------------------------
-------------------------------
Time to complete program
[[[1.000e+00 3.186e+02 2.877e-01 2.877e-01 3.189e+02 3.189e+02 0.000e+00
   0.000e+00]]]
-------------------------------
-------------------------------
-------------------------------
job=65
Running  on python version
3.6.10 |Anaconda, Inc.| (default, May  8 2020, 02:54:21) 
[GCC 7.3.0]
Number of obstacles 24
-------------------------------
Starting the ray bouncing and information storage
-------------------------------
Tx [0.3 1.1 0.3]
-------------------------------
Ray-launching complete
Time taken 330.57362055778503
-------------------------------
---------------------------------
Starting the power calculation
-------------------------------
Job number 65
Power from DSM complete
Time taken [0.313]
-------------------------------
-------------------------------
Job number 65
Quality from DSM complete [-2.554]
Time taken [0.004]
-------------------------------
-------------------------------
Time to complete program
[[[1.000e+00 3.306e+02 3.131e-01 3.131e-01 3.309e+02 3.309e+02 0.000e+00
   0.000e+00]]]
-------------------------------
-------------------------------
-------------------------------
job=66
Running  on python version
3.6.10 |Anaconda, Inc.| (default, May  8 2020, 02:54:21) 
[GCC 7.3.0]
Number of obstacles 24
-------------------------------
Starting the ray bouncing and information storage
-------------------------------
Tx [0.3 1.3 0.3]
-------------------------------
Ray-launching complete
Time taken 339.23472332954407
-------------------------------
---------------------------------
Starting the power calculation
-------------------------------
Job number 66
Power from DSM complete
Time taken [0.386]
-------------------------------
-------------------------------
Job number 66
Quality from DSM complete [-3.729]
Time taken [0.003]
-------------------------------
-------------------------------
Time to complete program
[[[  1.    339.235   0.386   0.386 339.621 339.621   0.      0.   ]]]
-------------------------------
-------------------------------
-------------------------------
job=67
Running  on python version
3.6.10 |Anaconda, Inc.| (default, May  8 2020, 02:54:21) 
[GCC 7.3.0]
Number of obstacles 24
-------------------------------
Starting the ray bouncing and information storage
-------------------------------
Tx [0.3 1.5 0.3]
-------------------------------
Ray-launching complete
Time taken 344.01306104660034
-------------------------------
---------------------------------
Starting the power calculation
-------------------------------
Job number 67
Power from DSM complete
Time taken [0.329]
-------------------------------
-------------------------------
Job number 67
Quality from DSM complete [-3.089]
Time taken [0.003]
-------------------------------
-------------------------------
Time to complete program
[[[1.000e+00 3.440e+02 3.293e-01 3.293e-01 3.443e+02 3.443e+02 0.000e+00
   0.000e+00]]]
-------------------------------
-------------------------------
-------------------------------
job=68

########################################################################
----------------------! Balena Job Details !----------------------------

JobID          : 3466490
No. of nodes   : 1
No. of CPUs    : 16
Timelimit      : 06:00:00
Elapsed time   : 06:00:20
Nodelist       : node-sw-104

########################################################################

