Traceback (most recent call last):
  File "RayTracerMainProgram.py", line 1186, in <module>
    main(sys.argv)
  File "RayTracerMainProgram.py", line 1169, in main
    Grid,G_z,timep     =power_grid(Room,Mesh1,Nr,index,job,Nre,PerfRef,LOS,InnerOb,Nrs,Ns)  # Use the ray information to compute the power
  File "RayTracerMainProgram.py", line 707, in power_grid
    os.rename(r''+angfilename,r''+meshfolder+'/'+boxstr+angstr+'%02dx%02dy%02dz_tx%03d.npz'%(x,y,z,job))
FileNotFoundError: [Errno 2] No such file or directory: './Mesh/threeRefNoBox/Nra337Refs003Ns5/ang337Refs003Ns500x00y00z.npz' -> './Mesh/threeRefNoBox/Nra337Refs003Ns5/NoBoxang337Refs003Ns500x00y00z_tx030.npz'

real	24m22.710s
user	24m18.497s
sys	0m0.793s

real	99m25.135s
user	98m31.436s
sys	0m3.941s

real	103m31.286s
user	101m54.307s
sys	0m7.290s

real	38m55.079s
user	37m45.285s
sys	0m2.280s
