Running  on python version
3.6.10 |Anaconda, Inc.| (default, May  8 2020, 02:54:21) 
[GCC 7.3.0]
InputSheet.xlsx
job=80
main called with job= 80, using output filename=ray_trace_output_080.txt
Running  on python version
3.6.10 |Anaconda, Inc.| (default, May  8 2020, 02:54:21) 
[GCC 7.3.0]
job=79
main called with job= 79, using output filename=ray_trace_output_079.txt
Running  on python version
3.6.10 |Anaconda, Inc.| (default, May  8 2020, 02:54:21) 
[GCC 7.3.0]
job=78
main called with job= 78, using output filename=ray_trace_output_078.txt
Running  on python version
3.6.10 |Anaconda, Inc.| (default, May  8 2020, 02:54:21) 
[GCC 7.3.0]
job=77
main called with job= 77, using output filename=ray_trace_output_077.txt
Running  on python version
3.6.10 |Anaconda, Inc.| (default, May  8 2020, 02:54:21) 
[GCC 7.3.0]
job=76
main called with job= 76, using output filename=ray_trace_output_076.txt
Running  on python version
3.6.10 |Anaconda, Inc.| (default, May  8 2020, 02:54:21) 
[GCC 7.3.0]
job=75
main called with job= 75, using output filename=ray_trace_output_075.txt
Running  on python version
3.6.10 |Anaconda, Inc.| (default, May  8 2020, 02:54:21) 
[GCC 7.3.0]
job=74
main called with job= 74, using output filename=ray_trace_output_074.txt
Running  on python version
3.6.10 |Anaconda, Inc.| (default, May  8 2020, 02:54:21) 
[GCC 7.3.0]
job=73
main called with job= 73, using output filename=ray_trace_output_073.txt
Running  on python version
3.6.10 |Anaconda, Inc.| (default, May  8 2020, 02:54:21) 
[GCC 7.3.0]
job=72
main called with job= 72, using output filename=ray_trace_output_072.txt
Running  on python version
3.6.10 |Anaconda, Inc.| (default, May  8 2020, 02:54:21) 
[GCC 7.3.0]
job=71
main called with job= 71, using output filename=ray_trace_output_071.txt
Running  on python version
3.6.10 |Anaconda, Inc.| (default, May  8 2020, 02:54:21) 
[GCC 7.3.0]
job=70
main called with job= 70, using output filename=ray_trace_output_070.txt
Running  on python version
3.6.10 |Anaconda, Inc.| (default, May  8 2020, 02:54:21) 
[GCC 7.3.0]
job=69
main called with job= 69, using output filename=ray_trace_output_069.txt
Running  on python version
3.6.10 |Anaconda, Inc.| (default, May  8 2020, 02:54:21) 
[GCC 7.3.0]
job=68
main called with job= 68, using output filename=ray_trace_output_068.txt
Running  on python version
3.6.10 |Anaconda, Inc.| (default, May  8 2020, 02:54:21) 
[GCC 7.3.0]
job=67
main called with job= 67, using output filename=ray_trace_output_067.txt
Running  on python version
3.6.10 |Anaconda, Inc.| (default, May  8 2020, 02:54:21) 
[GCC 7.3.0]
job=66
main called with job= 66, using output filename=ray_trace_output_066.txt
Running  on python version
3.6.10 |Anaconda, Inc.| (default, May  8 2020, 02:54:21) 
[GCC 7.3.0]
job=65
main called with job= 65, using output filename=ray_trace_output_065.txt
Running  on python version
3.6.10 |Anaconda, Inc.| (default, May  8 2020, 02:54:21) 
[GCC 7.3.0]
job=64
main called with job= 64, using output filename=ray_trace_output_064.txt
Running  on python version
3.6.10 |Anaconda, Inc.| (default, May  8 2020, 02:54:21) 
[GCC 7.3.0]
job=63
main called with job= 63, using output filename=ray_trace_output_063.txt
Running  on python version
3.6.10 |Anaconda, Inc.| (default, May  8 2020, 02:54:21) 
[GCC 7.3.0]
job=62
main called with job= 62, using output filename=ray_trace_output_062.txt
Running  on python version
3.6.10 |Anaconda, Inc.| (default, May  8 2020, 02:54:21) 
[GCC 7.3.0]
job=61
main called with job= 61, using output filename=ray_trace_output_061.txt
Running  on python version
3.6.10 |Anaconda, Inc.| (default, May  8 2020, 02:54:21) 
[GCC 7.3.0]
job=60
main called with job= 60, using output filename=ray_trace_output_060.txt
Running  on python version
3.6.10 |Anaconda, Inc.| (default, May  8 2020, 02:54:21) 
[GCC 7.3.0]
job=59
main called with job= 59, using output filename=ray_trace_output_059.txt
Running  on python version
3.6.10 |Anaconda, Inc.| (default, May  8 2020, 02:54:21) 
[GCC 7.3.0]
job=58
main called with job= 58, using output filename=ray_trace_output_058.txt
Running  on python version
3.6.10 |Anaconda, Inc.| (default, May  8 2020, 02:54:21) 
[GCC 7.3.0]
job=57
main called with job= 57, using output filename=ray_trace_output_057.txt
Running  on python version
3.6.10 |Anaconda, Inc.| (default, May  8 2020, 02:54:21) 
[GCC 7.3.0]
job=56
main called with job= 56, using output filename=ray_trace_output_056.txt
Running  on python version
3.6.10 |Anaconda, Inc.| (default, May  8 2020, 02:54:21) 
[GCC 7.3.0]
job=55
main called with job= 55, using output filename=ray_trace_output_055.txt
Running  on python version
3.6.10 |Anaconda, Inc.| (default, May  8 2020, 02:54:21) 
[GCC 7.3.0]
job=54
main called with job= 54, using output filename=ray_trace_output_054.txt
Running  on python version
3.6.10 |Anaconda, Inc.| (default, May  8 2020, 02:54:21) 
[GCC 7.3.0]
job=53
main called with job= 53, using output filename=ray_trace_output_053.txt
Running  on python version
3.6.10 |Anaconda, Inc.| (default, May  8 2020, 02:54:21) 
[GCC 7.3.0]
job=52
main called with job= 52, using output filename=ray_trace_output_052.txt
Running  on python version
3.6.10 |Anaconda, Inc.| (default, May  8 2020, 02:54:21) 
[GCC 7.3.0]
job=51
main called with job= 51, using output filename=ray_trace_output_051.txt
Running  on python version
3.6.10 |Anaconda, Inc.| (default, May  8 2020, 02:54:21) 
[GCC 7.3.0]
job=50
main called with job= 50, using output filename=ray_trace_output_050.txt
Running  on python version
3.6.10 |Anaconda, Inc.| (default, May  8 2020, 02:54:21) 
[GCC 7.3.0]
job=49
main called with job= 49, using output filename=ray_trace_output_049.txt
Running  on python version
3.6.10 |Anaconda, Inc.| (default, May  8 2020, 02:54:21) 
[GCC 7.3.0]
job=48
main called with job= 48, using output filename=ray_trace_output_048.txt
Running  on python version
3.6.10 |Anaconda, Inc.| (default, May  8 2020, 02:54:21) 
[GCC 7.3.0]
job=47
main called with job= 47, using output filename=ray_trace_output_047.txt
Running  on python version
3.6.10 |Anaconda, Inc.| (default, May  8 2020, 02:54:21) 
[GCC 7.3.0]
job=46
main called with job= 46, using output filename=ray_trace_output_046.txt
Running  on python version
3.6.10 |Anaconda, Inc.| (default, May  8 2020, 02:54:21) 
[GCC 7.3.0]
job=45
main called with job= 45, using output filename=ray_trace_output_045.txt
Running  on python version
3.6.10 |Anaconda, Inc.| (default, May  8 2020, 02:54:21) 
[GCC 7.3.0]
job=44
main called with job= 44, using output filename=ray_trace_output_044.txt
Running  on python version
3.6.10 |Anaconda, Inc.| (default, May  8 2020, 02:54:21) 
[GCC 7.3.0]
job=43
main called with job= 43, using output filename=ray_trace_output_043.txt
Running  on python version
3.6.10 |Anaconda, Inc.| (default, May  8 2020, 02:54:21) 
[GCC 7.3.0]
job=42
main called with job= 42, using output filename=ray_trace_output_042.txt
Running  on python version
3.6.10 |Anaconda, Inc.| (default, May  8 2020, 02:54:21) 
[GCC 7.3.0]
job=41
main called with job= 41, using output filename=ray_trace_output_041.txt
Running  on python version
3.6.10 |Anaconda, Inc.| (default, May  8 2020, 02:54:21) 
[GCC 7.3.0]
job=40
main called with job= 40, using output filename=ray_trace_output_040.txt
Running  on python version
3.6.10 |Anaconda, Inc.| (default, May  8 2020, 02:54:21) 
[GCC 7.3.0]
job=39
main called with job= 39, using output filename=ray_trace_output_039.txt
Running  on python version
3.6.10 |Anaconda, Inc.| (default, May  8 2020, 02:54:21) 
[GCC 7.3.0]
job=38
main called with job= 38, using output filename=ray_trace_output_038.txt
Running  on python version
3.6.10 |Anaconda, Inc.| (default, May  8 2020, 02:54:21) 
[GCC 7.3.0]
job=37
main called with job= 37, using output filename=ray_trace_output_037.txt
Running  on python version
3.6.10 |Anaconda, Inc.| (default, May  8 2020, 02:54:21) 
[GCC 7.3.0]
job=36
main called with job= 36, using output filename=ray_trace_output_036.txt
Running  on python version
3.6.10 |Anaconda, Inc.| (default, May  8 2020, 02:54:21) 
[GCC 7.3.0]
job=35
main called with job= 35, using output filename=ray_trace_output_035.txt
Running  on python version
3.6.10 |Anaconda, Inc.| (default, May  8 2020, 02:54:21) 
[GCC 7.3.0]
job=34
main called with job= 34, using output filename=ray_trace_output_034.txt
Running  on python version
3.6.10 |Anaconda, Inc.| (default, May  8 2020, 02:54:21) 
[GCC 7.3.0]
job=33
main called with job= 33, using output filename=ray_trace_output_033.txt
Running  on python version
3.6.10 |Anaconda, Inc.| (default, May  8 2020, 02:54:21) 
[GCC 7.3.0]
job=32
main called with job= 32, using output filename=ray_trace_output_032.txt
Running  on python version
3.6.10 |Anaconda, Inc.| (default, May  8 2020, 02:54:21) 
[GCC 7.3.0]
job=31
main called with job= 31, using output filename=ray_trace_output_031.txt
Running  on python version
3.6.10 |Anaconda, Inc.| (default, May  8 2020, 02:54:21) 
[GCC 7.3.0]
job=30
main called with job= 30, using output filename=ray_trace_output_030.txt
Running  on python version
3.6.10 |Anaconda, Inc.| (default, May  8 2020, 02:54:21) 
[GCC 7.3.0]
job=29
main called with job= 29, using output filename=ray_trace_output_029.txt
Running  on python version
3.6.10 |Anaconda, Inc.| (default, May  8 2020, 02:54:21) 
[GCC 7.3.0]
job=28
main called with job= 28, using output filename=ray_trace_output_028.txt
Running  on python version
3.6.10 |Anaconda, Inc.| (default, May  8 2020, 02:54:21) 
[GCC 7.3.0]
job=27
main called with job= 27, using output filename=ray_trace_output_027.txt
Running  on python version
3.6.10 |Anaconda, Inc.| (default, May  8 2020, 02:54:21) 
[GCC 7.3.0]
job=26
main called with job= 26, using output filename=ray_trace_output_026.txt
Running  on python version
3.6.10 |Anaconda, Inc.| (default, May  8 2020, 02:54:21) 
[GCC 7.3.0]
job=25
main called with job= 25, using output filename=ray_trace_output_025.txt
Running  on python version
3.6.10 |Anaconda, Inc.| (default, May  8 2020, 02:54:21) 
[GCC 7.3.0]
job=24
main called with job= 24, using output filename=ray_trace_output_024.txt
Running  on python version
3.6.10 |Anaconda, Inc.| (default, May  8 2020, 02:54:21) 
[GCC 7.3.0]
job=23
main called with job= 23, using output filename=ray_trace_output_023.txt
Running  on python version
3.6.10 |Anaconda, Inc.| (default, May  8 2020, 02:54:21) 
[GCC 7.3.0]
job=22
main called with job= 22, using output filename=ray_trace_output_022.txt
Running  on python version
3.6.10 |Anaconda, Inc.| (default, May  8 2020, 02:54:21) 
[GCC 7.3.0]
job=21
main called with job= 21, using output filename=ray_trace_output_021.txt
Running  on python version
3.6.10 |Anaconda, Inc.| (default, May  8 2020, 02:54:21) 
[GCC 7.3.0]
job=20
main called with job= 20, using output filename=ray_trace_output_020.txt
Running  on python version
3.6.10 |Anaconda, Inc.| (default, May  8 2020, 02:54:21) 
[GCC 7.3.0]
job=19
main called with job= 19, using output filename=ray_trace_output_019.txt
Running  on python version
3.6.10 |Anaconda, Inc.| (default, May  8 2020, 02:54:21) 
[GCC 7.3.0]
job=18
main called with job= 18, using output filename=ray_trace_output_018.txt
Running  on python version
3.6.10 |Anaconda, Inc.| (default, May  8 2020, 02:54:21) 
[GCC 7.3.0]
job=17
main called with job= 17, using output filename=ray_trace_output_017.txt
Running  on python version
3.6.10 |Anaconda, Inc.| (default, May  8 2020, 02:54:21) 
[GCC 7.3.0]
job=16
main called with job= 16, using output filename=ray_trace_output_016.txt
Running  on python version
3.6.10 |Anaconda, Inc.| (default, May  8 2020, 02:54:21) 
[GCC 7.3.0]
job=15
main called with job= 15, using output filename=ray_trace_output_015.txt
Running  on python version
3.6.10 |Anaconda, Inc.| (default, May  8 2020, 02:54:21) 
[GCC 7.3.0]
job=14
main called with job= 14, using output filename=ray_trace_output_014.txt
Running  on python version
3.6.10 |Anaconda, Inc.| (default, May  8 2020, 02:54:21) 
[GCC 7.3.0]
job=13
main called with job= 13, using output filename=ray_trace_output_013.txt
Running  on python version
3.6.10 |Anaconda, Inc.| (default, May  8 2020, 02:54:21) 
[GCC 7.3.0]
job=12
main called with job= 12, using output filename=ray_trace_output_012.txt
Running  on python version
3.6.10 |Anaconda, Inc.| (default, May  8 2020, 02:54:21) 
[GCC 7.3.0]
job=11
main called with job= 11, using output filename=ray_trace_output_011.txt
Running  on python version
3.6.10 |Anaconda, Inc.| (default, May  8 2020, 02:54:21) 
[GCC 7.3.0]
job=10
main called with job= 10, using output filename=ray_trace_output_010.txt
Running  on python version
3.6.10 |Anaconda, Inc.| (default, May  8 2020, 02:54:21) 
[GCC 7.3.0]
job=9
main called with job=  9, using output filename=ray_trace_output_009.txt
Running  on python version
3.6.10 |Anaconda, Inc.| (default, May  8 2020, 02:54:21) 
[GCC 7.3.0]
job=8
main called with job=  8, using output filename=ray_trace_output_008.txt
Running  on python version
3.6.10 |Anaconda, Inc.| (default, May  8 2020, 02:54:21) 
[GCC 7.3.0]
job=7
main called with job=  7, using output filename=ray_trace_output_007.txt
Running  on python version
3.6.10 |Anaconda, Inc.| (default, May  8 2020, 02:54:21) 
[GCC 7.3.0]
job=6
main called with job=  6, using output filename=ray_trace_output_006.txt
Running  on python version
3.6.10 |Anaconda, Inc.| (default, May  8 2020, 02:54:21) 
[GCC 7.3.0]
job=5
main called with job=  5, using output filename=ray_trace_output_005.txt
Running  on python version
3.6.10 |Anaconda, Inc.| (default, May  8 2020, 02:54:21) 
[GCC 7.3.0]
job=4
main called with job=  4, using output filename=ray_trace_output_004.txt
Running  on python version
3.6.10 |Anaconda, Inc.| (default, May  8 2020, 02:54:21) 
[GCC 7.3.0]
job=3
main called with job=  3, using output filename=ray_trace_output_003.txt
Running  on python version
3.6.10 |Anaconda, Inc.| (default, May  8 2020, 02:54:21) 
[GCC 7.3.0]
job=2
main called with job=  2, using output filename=ray_trace_output_002.txt
Running  on python version
3.6.10 |Anaconda, Inc.| (default, May  8 2020, 02:54:21) 
[GCC 7.3.0]
job=1
main called with job=  1, using output filename=ray_trace_output_001.txt
Running  on python version
3.6.10 |Anaconda, Inc.| (default, May  8 2020, 02:54:21) 
[GCC 7.3.0]
Will run python3 ParameterLoad.py then python3 RayTracerMainProgram.py for each job in 0 to 250
Starting job...

########################################################################
----------------------! Balena Job Details !----------------------------

JobID          : 4083974
No. of nodes   : 1
No. of CPUs    : 16
Timelimit      : 03:00:00
Elapsed time   : 00:00:57
Nodelist       : node-sw-150

########################################################################

